2022/11/12 16:31:04.425544 raft.go:413: ?????
2022/11/12 16:31:04.426023 util.go:299: 准备获取锁
2022/11/12 16:31:04.426053 util.go:301: 获取锁成功
2022/11/12 16:31:04.426088 util.go:313: [Term-1 Raft-2 VoteFor-2 CommitIndex-0] 选举超时,开始执行startElection 

2022/11/12 16:31:04.426109 raft.go:213: [Term-1 Raft-2 VoteFor-2 CommitIndex-0] 开始发送投票
2022/11/12 16:31:04.426840 raft.go:173: [Term-0 Raft-1 VoteFor--1 CommitIndex-0] Term: 0->1 接收到较大Term,重置选举超时
2022/11/12 16:31:04.426841 raft.go:173: [Term-0 Raft-0 VoteFor--1 CommitIndex-0] Term: 0->1 接收到较大Term,重置选举超时
2022/11/12 16:31:04.427039 raft.go:248: [Term-1 Raft-2 VoteFor-2 CommitIndex-0] 收到 node-1 的投票
2022/11/12 16:31:04.427088 raft.go:275: [Term-1 Raft-2 VoteFor-2 CommitIndex-0] 收到半数以上票，成为leader
2022/11/12 16:31:04.427116 raft.go:248: [Term-1 Raft-2 VoteFor-2 CommitIndex-0] 收到 node-0 的投票
2022/11/12 16:31:04.468784 raft.go:356: [Term-1 Raft-2 VoteFor-2 CommitIndex-0] 收到命令，100
2022/11/12 16:31:04.469784 util.go:96: [Term-1 Raft-2 VoteFor-2 CommitIndex-0] 心跳超时，开始发送心跳给所有peer-1 参数为:{
	"Term": 1,
	"LeaderID": 2,
	"PrevLogIndex": 0,
	"PrevLogTerm": 0,
	"Entries": [
		{
			"Command": 100,
			"Term": 1
		}
	],
	"LeaderCommit": 0
}

2022/11/12 16:31:04.469944 util.go:96: [Term-1 Raft-2 VoteFor-2 CommitIndex-0] 心跳超时，开始发送心跳给所有peer-0 参数为:{
	"Term": 1,
	"LeaderID": 2,
	"PrevLogIndex": 0,
	"PrevLogTerm": 0,
	"Entries": [
		{
			"Command": 100,
			"Term": 1
		}
	],
	"LeaderCommit": 0
}

2022/11/12 16:31:04.471489 util.go:118: [Term-1 Raft-2 VoteFor-2 CommitIndex-0] 收到心跳响应,响应状态:true
2022/11/12 16:31:04.471587 util.go:118: [Term-1 Raft-2 VoteFor-2 CommitIndex-1] 收到心跳响应,响应状态:true
2022/11/12 16:31:04.619864 util.go:96: [Term-1 Raft-2 VoteFor-2 CommitIndex-1] 心跳超时，开始发送心跳给所有peer-1 参数为:{
	"Term": 1,
	"LeaderID": 2,
	"PrevLogIndex": 1,
	"PrevLogTerm": 1,
	"Entries": [],
	"LeaderCommit": 1
}

2022/11/12 16:31:04.619957 util.go:96: [Term-1 Raft-2 VoteFor-2 CommitIndex-1] 心跳超时，开始发送心跳给所有peer-0 参数为:{
	"Term": 1,
	"LeaderID": 2,
	"PrevLogIndex": 1,
	"PrevLogTerm": 1,
	"Entries": [],
	"LeaderCommit": 1
}

2022/11/12 16:31:04.620617 util.go:118: [Term-1 Raft-2 VoteFor-2 CommitIndex-1] 收到心跳响应,响应状态:true
2022/11/12 16:31:04.621059 util.go:118: [Term-1 Raft-2 VoteFor-2 CommitIndex-1] 收到心跳响应,响应状态:true
2022/11/12 16:31:04.634577 raft.go:356: [Term-1 Raft-2 VoteFor-2 CommitIndex-1] 收到命令，200
2022/11/12 16:31:04.634827 util.go:96: [Term-1 Raft-2 VoteFor-2 CommitIndex-1] 心跳超时，开始发送心跳给所有peer-1 参数为:{
	"Term": 1,
	"LeaderID": 2,
	"PrevLogIndex": 1,
	"PrevLogTerm": 1,
	"Entries": [
		{
			"Command": 200,
			"Term": 1
		}
	],
	"LeaderCommit": 1
}

2022/11/12 16:31:04.635006 util.go:96: [Term-1 Raft-2 VoteFor-2 CommitIndex-1] 心跳超时，开始发送心跳给所有peer-0 参数为:{
	"Term": 1,
	"LeaderID": 2,
	"PrevLogIndex": 1,
	"PrevLogTerm": 1,
	"Entries": [
		{
			"Command": 200,
			"Term": 1
		}
	],
	"LeaderCommit": 1
}

2022/11/12 16:31:04.635831 util.go:118: [Term-1 Raft-2 VoteFor-2 CommitIndex-1] 收到心跳响应,响应状态:true
2022/11/12 16:31:04.636036 util.go:118: [Term-1 Raft-2 VoteFor-2 CommitIndex-2] 收到心跳响应,响应状态:true
2022/11/12 16:31:04.736144 raft.go:413: ?????
2022/11/12 16:31:04.736295 util.go:299: 准备获取锁
2022/11/12 16:31:04.736340 util.go:301: 获取锁成功
2022/11/12 16:31:04.785146 util.go:96: [Term-1 Raft-2 VoteFor-2 CommitIndex-2] 心跳超时，开始发送心跳给所有peer-0 参数为:{
	"Term": 1,
	"LeaderID": 2,
	"PrevLogIndex": 2,
	"PrevLogTerm": 1,
	"Entries": [],
	"LeaderCommit": 2
}

2022/11/12 16:31:04.785166 util.go:96: [Term-1 Raft-2 VoteFor-2 CommitIndex-2] 心跳超时，开始发送心跳给所有peer-1 参数为:{
	"Term": 1,
	"LeaderID": 2,
	"PrevLogIndex": 2,
	"PrevLogTerm": 1,
	"Entries": [],
	"LeaderCommit": 2
}

2022/11/12 16:31:04.785876 util.go:118: [Term-1 Raft-2 VoteFor-2 CommitIndex-2] 收到心跳响应,响应状态:true
2022/11/12 16:31:04.786187 util.go:118: [Term-1 Raft-2 VoteFor-2 CommitIndex-2] 收到心跳响应,响应状态:true
2022/11/12 16:31:04.800941 raft.go:356: [Term-1 Raft-2 VoteFor-2 CommitIndex-2] 收到命令，300
2022/11/12 16:31:04.801132 util.go:96: [Term-1 Raft-2 VoteFor-2 CommitIndex-2] 心跳超时，开始发送心跳给所有peer-1 参数为:{
	"Term": 1,
	"LeaderID": 2,
	"PrevLogIndex": 2,
	"PrevLogTerm": 1,
	"Entries": [
		{
			"Command": 300,
			"Term": 1
		}
	],
	"LeaderCommit": 2
}

2022/11/12 16:31:04.801343 util.go:96: [Term-1 Raft-2 VoteFor-2 CommitIndex-2] 心跳超时，开始发送心跳给所有peer-0 参数为:{
	"Term": 1,
	"LeaderID": 2,
	"PrevLogIndex": 2,
	"PrevLogTerm": 1,
	"Entries": [
		{
			"Command": 300,
			"Term": 1
		}
	],
	"LeaderCommit": 2
}

2022/11/12 16:31:04.801951 util.go:118: [Term-1 Raft-2 VoteFor-2 CommitIndex-2] 收到心跳响应,响应状态:true
2022/11/12 16:31:04.802127 util.go:118: [Term-1 Raft-2 VoteFor-2 CommitIndex-3] 收到心跳响应,响应状态:true
2022/11/12 16:31:04.951323 util.go:96: [Term-1 Raft-2 VoteFor-2 CommitIndex-3] 心跳超时，开始发送心跳给所有peer-0 参数为:{
	"Term": 1,
	"LeaderID": 2,
	"PrevLogIndex": 3,
	"PrevLogTerm": 1,
	"Entries": [],
	"LeaderCommit": 3
}

2022/11/12 16:31:04.951515 util.go:96: [Term-1 Raft-2 VoteFor-2 CommitIndex-3] 心跳超时，开始发送心跳给所有peer-1 参数为:{
	"Term": 1,
	"LeaderID": 2,
	"PrevLogIndex": 3,
	"PrevLogTerm": 1,
	"Entries": [],
	"LeaderCommit": 3
}

2022/11/12 16:31:04.952132 util.go:118: [Term-1 Raft-2 VoteFor-2 CommitIndex-3] 收到心跳响应,响应状态:true
2022/11/12 16:31:04.952218 util.go:118: [Term-1 Raft-2 VoteFor-2 CommitIndex-3] 收到心跳响应,响应状态:true
